2022.06.27 12:57:53 INFO  tracing is disabled for protocol LSP, to enable tracing of incoming and outgoing JSON messages create an empty file at c:\Users\JacobMonks\Documents\GitHub\BigData05312022\.metals\lsp.trace.json or C:\Users\JacobMonks\AppData\Local\scalameta\metals\cache\lsp.trace.json
2022.06.27 12:57:55 INFO  logging to file C:\Users\JacobMonks\Documents\GitHub\BigData05312022\.metals\metals.log
2022.06.27 12:57:55 INFO  Started: Metals version 0.11.6 in workspace 'C:\Users\JacobMonks\Documents\GitHub\BigData05312022' for client Visual Studio Code 1.68.1.
2022.06.27 12:57:56 INFO  time: initialize in 1.47s
2022.06.27 12:57:57 WARN  Flyway upgrade recommended: H2 2.1.212 is newer than this version of Flyway and support has not been tested. The latest supported version of H2 is 2.1.210.
2022.06.27 12:57:57 WARN  Build server is not auto-connectable.
2022.06.27 12:57:58 WARN  no build tool detected in workspace 'C:\Users\JacobMonks\Documents\GitHub\BigData05312022'. The most common cause for this problem is that the editor was opened in the wrong working directory, for example if you use sbt then the workspace directory should contain build.sbt. 
2022.06.27 12:57:59 WARN  no build target for: C:\Users\JacobMonks\Documents\GitHub\BigData05312022\Notes\Week6\Scala_Example\build.sbt
2022.06.27 12:58:06 INFO  no build target found for C:\Users\JacobMonks\Documents\GitHub\BigData05312022\Notes\Week6\Scala_Example\build.sbt. Using presentation compiler with project's scala-library version: 3.1.2
2022.06.27 12:58:12 INFO  time: code lens generation in 12s
2022.06.28 08:38:59 INFO  tracing is disabled for protocol LSP, to enable tracing of incoming and outgoing JSON messages create an empty file at c:\Users\JacobMonks\Documents\GitHub\BigData05312022\.metals\lsp.trace.json or C:\Users\JacobMonks\AppData\Local\scalameta\metals\cache\lsp.trace.json
2022.06.28 08:39:01 INFO  logging to file C:\Users\JacobMonks\Documents\GitHub\BigData05312022\.metals\metals.log
2022.06.28 08:39:01 INFO  Started: Metals version 0.11.6 in workspace 'C:\Users\JacobMonks\Documents\GitHub\BigData05312022' for client Visual Studio Code 1.68.1.
2022.06.28 08:39:02 INFO  time: initialize in 1.33s
2022.06.28 08:39:07 WARN  Flyway upgrade recommended: H2 2.1.212 is newer than this version of Flyway and support has not been tested. The latest supported version of H2 is 2.1.210.
2022.06.28 08:39:07 WARN  Build server is not auto-connectable.
2022.06.28 08:39:07 WARN  no build tool detected in workspace 'C:\Users\JacobMonks\Documents\GitHub\BigData05312022'. The most common cause for this problem is that the editor was opened in the wrong working directory, for example if you use sbt then the workspace directory should contain build.sbt. 
2022.06.28 08:40:00 WARN  no build target for: C:\Users\JacobMonks\Documents\GitHub\BigData05312022\Notes\Week6\Scala_Example\HelloWorld.scala
2022.06.28 08:40:02 INFO  no build target found for C:\Users\JacobMonks\Documents\GitHub\BigData05312022\Notes\Week6\Scala_Example\HelloWorld.scala. Using presentation compiler with project's scala-library version: 3.1.2
2022.06.28 08:40:05 INFO  time: code lens generation in 3.27s
2022.06.28 08:41:01 WARN  no build target for: C:\Users\JacobMonks\Documents\GitHub\BigData05312022\Notes\Week6\Scala_Example\HelloWorld.scala
2022.06.28 08:41:34 WARN  no build target for: C:\Users\JacobMonks\Documents\GitHub\BigData05312022\Notes\Week6\Scala_Example\HelloWorld.scala
2022.06.28 08:41:38 WARN  no build target for: C:\Users\JacobMonks\Documents\GitHub\BigData05312022\Notes\Week6\Scala_Example\HelloWorld.scala
2022.06.28 08:44:08 WARN  no build target for: C:\Users\JacobMonks\Documents\GitHub\BigData05312022\Notes\Week6\Scala_Example\HelloWorld.scala
2022.06.28 08:45:29 WARN  no build target for: C:\Users\JacobMonks\Documents\GitHub\BigData05312022\Notes\Week6\Scala_Example\HelloWorld.scala
2022.06.28 08:46:03 WARN  no build target for: C:\Users\JacobMonks\Documents\GitHub\BigData05312022\Notes\Week6\Scala_Example\build.sbt
2022.06.28 08:49:44 WARN  no build target for: C:\Users\JacobMonks\Documents\GitHub\BigData05312022\Notes\Week6\Scala_Example\HelloWorld.scala
2022.06.28 08:50:17 WARN  no build target for: C:\Users\JacobMonks\Documents\GitHub\BigData05312022\Notes\Week6\Scala_Example\HelloWorld.scala
Jun 28, 2022 8:52:43 AM org.eclipse.lsp4j.jsonrpc.RemoteEndpoint handleCancellation
WARNING: Unmatched cancel notification for request id 508
2022.06.28 08:53:08 WARN  no build target for: C:\Users\JacobMonks\Documents\GitHub\BigData05312022\Notes\Week6\Scala_Example\HelloWorld.scala
2022.06.28 08:53:49 WARN  no build target for: C:\Users\JacobMonks\Documents\GitHub\BigData05312022\Notes\Week6\Scala_Example\HelloWorld.scala
2022.06.28 08:54:33 WARN  no build target for: C:\Users\JacobMonks\Documents\GitHub\BigData05312022\Notes\Week6\Scala_Example\HelloWorld.scala
2022.06.28 08:55:45 WARN  no build target for: C:\Users\JacobMonks\Documents\GitHub\BigData05312022\Notes\Week6\Scala_Example\HelloWorld.scala
2022.06.28 08:56:22 WARN  no build target for: C:\Users\JacobMonks\Documents\GitHub\BigData05312022\Notes\Week6\Scala_Example\HelloWorld.scala
Jun 28, 2022 9:00:23 AM org.eclipse.lsp4j.jsonrpc.RemoteEndpoint handleCancellation
WARNING: Unmatched cancel notification for request id 901
2022.06.28 09:00:43 WARN  no build target for: C:\Users\JacobMonks\Documents\GitHub\BigData05312022\Notes\Week6\Scala_Example\HelloWorld.scala
2022.06.28 09:01:13 WARN  no build target for: C:\Users\JacobMonks\Documents\GitHub\BigData05312022\Notes\Week6\Scala_Example\HelloWorld.scala
2022.06.28 09:06:38 WARN  no build target for: C:\Users\JacobMonks\Documents\GitHub\BigData05312022\Notes\Week6\Scala_Example\HelloWorld.scala
2022.06.28 09:09:09 WARN  no build target for: C:\Users\JacobMonks\Documents\GitHub\BigData05312022\Notes\Week6\Scala_Example\HelloWorld.scala
2022.06.28 09:09:23 WARN  no build target for: C:\Users\JacobMonks\Documents\GitHub\BigData05312022\Notes\Week6\Scala_Example\HelloWorld.scala
2022.06.28 09:12:24 INFO  shutting down Metals
2022.06.28 10:28:43 INFO  tracing is disabled for protocol LSP, to enable tracing of incoming and outgoing JSON messages create an empty file at c:\Users\JacobMonks\Documents\GitHub\BigData05312022\.metals\lsp.trace.json or C:\Users\JacobMonks\AppData\Local\scalameta\metals\cache\lsp.trace.json
2022.06.28 10:28:45 INFO  logging to file C:\Users\JacobMonks\Documents\GitHub\BigData05312022\.metals\metals.log
2022.06.28 10:28:45 INFO  Started: Metals version 0.11.6 in workspace 'C:\Users\JacobMonks\Documents\GitHub\BigData05312022' for client Visual Studio Code 1.68.1.
2022.06.28 10:28:46 INFO  time: initialize in 1.52s
2022.06.28 10:28:47 WARN  Flyway upgrade recommended: H2 2.1.212 is newer than this version of Flyway and support has not been tested. The latest supported version of H2 is 2.1.210.
2022.06.28 10:28:47 WARN  Build server is not auto-connectable.
2022.06.28 10:28:47 WARN  no build tool detected in workspace 'C:\Users\JacobMonks\Documents\GitHub\BigData05312022'. The most common cause for this problem is that the editor was opened in the wrong working directory, for example if you use sbt then the workspace directory should contain build.sbt. 
Jun 28, 2022 10:28:52 AM org.eclipse.lsp4j.jsonrpc.RemoteEndpoint handleCancellation
WARNING: Unmatched cancel notification for request id 7
2022.06.28 10:31:44 INFO  shutting down Metals
2022.06.30 12:13:00 INFO  tracing is disabled for protocol LSP, to enable tracing of incoming and outgoing JSON messages create an empty file at c:\Users\JacobMonks\Documents\GitHub\BigData05312022\.metals\lsp.trace.json or C:\Users\JacobMonks\AppData\Local\scalameta\metals\cache\lsp.trace.json
2022.06.30 12:13:02 INFO  logging to file C:\Users\JacobMonks\Documents\GitHub\BigData05312022\.metals\metals.log
2022.06.30 12:13:02 INFO  Started: Metals version 0.11.6 in workspace 'C:\Users\JacobMonks\Documents\GitHub\BigData05312022' for client Visual Studio Code 1.68.1.
2022.06.30 12:13:04 INFO  time: initialize in 1.57s
2022.06.30 12:13:04 WARN  Flyway upgrade recommended: H2 2.1.212 is newer than this version of Flyway and support has not been tested. The latest supported version of H2 is 2.1.210.
2022.06.30 12:13:04 WARN  Build server is not auto-connectable.
2022.06.30 12:13:04 WARN  no build tool detected in workspace 'C:\Users\JacobMonks\Documents\GitHub\BigData05312022'. The most common cause for this problem is that the editor was opened in the wrong working directory, for example if you use sbt then the workspace directory should contain build.sbt. 
2022.06.30 17:29:45 INFO  shutting down Metals
